# JRE version: Java(TM) SE Runtime Environment (8.0_77-b03) (build 1.8.0_77-b03)
# Java VM: Java HotSpot(TM) 64-Bit Server VM (25.77-b03 mixed mode bsd-amd64 compressed oops)
Heap:
 PSYoungGen      total 71680K, used 48534K [0x00000007aab00000, 0x00000007af900000, 0x00000007c0000000)
  eden space 65024K, 71% used [0x00000007aab00000,0x00000007ad8a5af8,0x00000007aea80000)
  from space 6656K, 26% used [0x00000007af180000,0x00000007af340000,0x00000007af800000)
  to   space 7168K, 0% used [0x00000007aea80000,0x00000007aea80000,0x00000007af180000)
 ParOldGen       total 44032K, used 12537K [0x0000000780000000, 0x0000000782b00000, 0x00000007aab00000)
  object space 44032K, 28% used [0x0000000780000000,0x0000000780c3e618,0x0000000782b00000)
 Metaspace       used 16494K, capacity 16654K, committed 16768K, reserved 1064960K
  class space    used 1605K, capacity 1663K, committed 1664K, reserved 1048576K
GC Heap History (10 events):
Event: 30.521 GC heap before
{Heap before GC invocations=4 (full 0):
 PSYoungGen      total 18944K, used 18942K [0x00000007aab00000, 0x00000007ac000000, 0x00000007c0000000)
  eden space 16384K, 100% used [0x00000007aab00000,0x00000007abb00000,0x00000007abb00000)
  from space 2560K, 99% used [0x00000007abb00000,0x00000007abd7fa20,0x00000007abd80000)
  to   space 2560K, 0% used [0x00000007abd80000,0x00000007abd80000,0x00000007ac000000)
 ParOldGen       total 44032K, used 7712K [0x0000000780000000, 0x0000000782b00000, 0x00000007aab00000)
  object space 44032K, 17% used [0x0000000780000000,0x00000007807883a8,0x0000000782b00000)
 Metaspace       used 15189K, capacity 15374K, committed 15488K, reserved 1062912K
  class space    used 1540K, capacity 1599K, committed 1664K, reserved 1048576K
Event: 30.532 GC heap after
Heap after GC invocations=4 (full 0):
 PSYoungGen      total 18944K, used 2531K [0x00000007aab00000, 0x00000007ac000000, 0x00000007c0000000)
  eden space 16384K, 0% used [0x00000007aab00000,0x00000007aab00000,0x00000007abb00000)
  from space 2560K, 98% used [0x00000007abd80000,0x00000007abff8c20,0x00000007ac000000)
  to   space 2560K, 0% used [0x00000007abb00000,0x00000007abb00000,0x00000007abd80000)
 ParOldGen       total 44032K, used 9842K [0x0000000780000000, 0x0000000782b00000, 0x00000007aab00000)
  object space 44032K, 22% used [0x0000000780000000,0x000000078099c8e8,0x0000000782b00000)
 Metaspace       used 15189K, capacity 15374K, committed 15488K, reserved 1062912K
  class space    used 1540K, capacity 1599K, committed 1664K, reserved 1048576K
}
Event: 30.792 GC heap before
{Heap before GC invocations=5 (full 0):
 PSYoungGen      total 18944K, used 18915K [0x00000007aab00000, 0x00000007ac000000, 0x00000007c0000000)
  eden space 16384K, 100% used [0x00000007aab00000,0x00000007abb00000,0x00000007abb00000)
  from space 2560K, 98% used [0x00000007abd80000,0x00000007abff8c20,0x00000007ac000000)
  to   space 2560K, 0% used [0x00000007abb00000,0x00000007abb00000,0x00000007abd80000)
 ParOldGen       total 44032K, used 9842K [0x0000000780000000, 0x0000000782b00000, 0x00000007aab00000)
  object space 44032K, 22% used [0x0000000780000000,0x000000078099c8e8,0x0000000782b00000)
 Metaspace       used 15406K, capacity 15566K, committed 15744K, reserved 1062912K
  class space    used 1544K, capacity 1599K, committed 1664K, reserved 1048576K
Event: 30.798 GC heap after
Heap after GC invocations=5 (full 0):
 PSYoungGen      total 18944K, used 2533K [0x00000007aab00000, 0x00000007ad900000, 0x00000007c0000000)
  eden space 16384K, 0% used [0x00000007aab00000,0x00000007aab00000,0x00000007abb00000)
  from space 2560K, 98% used [0x00000007abb00000,0x00000007abd79570,0x00000007abd80000)
  to   space 7168K, 0% used [0x00000007ad200000,0x00000007ad200000,0x00000007ad900000)
 ParOldGen       total 44032K, used 10184K [0x0000000780000000, 0x0000000782b00000, 0x00000007aab00000)
  object space 44032K, 23% used [0x0000000780000000,0x00000007809f2208,0x0000000782b00000)
 Metaspace       used 15406K, capacity 15566K, committed 15744K, reserved 1062912K
  class space    used 1544K, capacity 1599K, committed 1664K, reserved 1048576K
}
Event: 30.999 GC heap before
{Heap before GC invocations=6 (full 0):
 PSYoungGen      total 18944K, used 18917K [0x00000007aab00000, 0x00000007ad900000, 0x00000007c0000000)
  eden space 16384K, 100% used [0x00000007aab00000,0x00000007abb00000,0x00000007abb00000)
  from space 2560K, 98% used [0x00000007abb00000,0x00000007abd79570,0x00000007abd80000)
  to   space 7168K, 0% used [0x00000007ad200000,0x00000007ad200000,0x00000007ad900000)
 ParOldGen       total 44032K, used 10184K [0x0000000780000000, 0x0000000782b00000, 0x00000007aab00000)
  object space 44032K, 23% used [0x0000000780000000,0x00000007809f2208,0x0000000782b00000)
 Metaspace       used 15501K, capacity 15630K, committed 15744K, reserved 1062912K
  class space    used 1544K, capacity 1599K, committed 1664K, reserved 1048576K
Event: 31.007 GC heap after
Heap after GC invocations=6 (full 0):
 PSYoungGen      total 39936K, used 2627K [0x00000007aab00000, 0x00000007ad900000, 0x00000007c0000000)
  eden space 32768K, 0% used [0x00000007aab00000,0x00000007aab00000,0x00000007acb00000)
  from space 7168K, 36% used [0x00000007ad200000,0x00000007ad490c20,0x00000007ad900000)
  to   space 7168K, 0% used [0x00000007acb00000,0x00000007acb00000,0x00000007ad200000)
 ParOldGen       total 44032K, used 10184K [0x0000000780000000, 0x0000000782b00000, 0x00000007aab00000)
  object space 44032K, 23% used [0x0000000780000000,0x00000007809f2208,0x0000000782b00000)
 Metaspace       used 15501K, capacity 15630K, committed 15744K, reserved 1062912K
  class space    used 1544K, capacity 1599K, committed 1664K, reserved 1048576K
}
Event: 48.785 GC heap before
{Heap before GC invocations=7 (full 0):
 PSYoungGen      total 39936K, used 35395K [0x00000007aab00000, 0x00000007ad900000, 0x00000007c0000000)
  eden space 32768K, 100% used [0x00000007aab00000,0x00000007acb00000,0x00000007acb00000)
  from space 7168K, 36% used [0x00000007ad200000,0x00000007ad490c20,0x00000007ad900000)
  to   space 7168K, 0% used [0x00000007acb00000,0x00000007acb00000,0x00000007ad200000)
 ParOldGen       total 44032K, used 10184K [0x0000000780000000, 0x0000000782b00000, 0x00000007aab00000)
  object space 44032K, 23% used [0x0000000780000000,0x00000007809f2208,0x0000000782b00000)
 Metaspace       used 16011K, capacity 16206K, committed 16256K, reserved 1064960K
  class space    used 1581K, capacity 1663K, committed 1664K, reserved 1048576K
Event: 48.793 GC heap after
Heap after GC invocations=7 (full 0):
 PSYoungGen      total 39936K, used 4271K [0x00000007aab00000, 0x00000007af800000, 0x00000007c0000000)
  eden space 32768K, 0% used [0x00000007aab00000,0x00000007aab00000,0x00000007acb00000)
  from space 7168K, 59% used [0x00000007acb00000,0x00000007acf2bfc8,0x00000007ad200000)
  to   space 6656K, 0% used [0x00000007af180000,0x00000007af180000,0x00000007af800000)
 ParOldGen       total 44032K, used 11795K [0x0000000780000000, 0x0000000782b00000, 0x00000007aab00000)
  object space 44032K, 26% used [0x0000000780000000,0x0000000780b84e98,0x0000000782b00000)
 Metaspace       used 16011K, capacity 16206K, committed 16256K, reserved 1064960K
  class space    used 1581K, capacity 1663K, committed 1664K, reserved 1048576K
}
Event: 49.249 GC heap before
{Heap before GC invocations=8 (full 0):
 PSYoungGen      total 39936K, used 37039K [0x00000007aab00000, 0x00000007af800000, 0x00000007c0000000)
  eden space 32768K, 100% used [0x00000007aab00000,0x00000007acb00000,0x00000007acb00000)
  from space 7168K, 59% used [0x00000007acb00000,0x00000007acf2bfc8,0x00000007ad200000)
  to   space 6656K, 0% used [0x00000007af180000,0x00000007af180000,0x00000007af800000)
 ParOldGen       total 44032K, used 11795K [0x0000000780000000, 0x0000000782b00000, 0x00000007aab00000)
  object space 44032K, 26% used [0x0000000780000000,0x0000000780b84e98,0x0000000782b00000)
 Metaspace       used 16283K, capacity 16462K, committed 16512K, reserved 1064960K
  class space    used 1593K, capacity 1663K, committed 1664K, reserved 1048576K
Event: 49.254 GC heap after
Heap after GC invocations=8 (full 0):
 PSYoungGen      total 71680K, used 1792K [0x00000007aab00000, 0x00000007af900000, 0x00000007c0000000)
  eden space 65024K, 0% used [0x00000007aab00000,0x00000007aab00000,0x00000007aea80000)
  from space 6656K, 26% used [0x00000007af180000,0x00000007af340000,0x00000007af800000)
  to   space 7168K, 0% used [0x00000007aea80000,0x00000007aea80000,0x00000007af180000)
 ParOldGen       total 44032K, used 12537K [0x0000000780000000, 0x0000000782b00000, 0x00000007aab00000)
  object space 44032K, 28% used [0x0000000780000000,0x0000000780c3e618,0x0000000782b00000)
 Metaspace       used 16283K, capacity 16462K, committed 16512K, reserved 1064960K
  class space    used 1593K, capacity 1663K, committed 1664K, reserved 1048576K
}

