# JRE version: Java(TM) SE Runtime Environment (8.0_77-b03) (build 1.8.0_77-b03)
# Java VM: Java HotSpot(TM) 64-Bit Server VM (25.77-b03 mixed mode bsd-amd64 compressed oops)
Heap:
 PSYoungGen      total 220672K, used 133889K [0x00000007aab00000, 0x00000007bdb80000, 0x00000007c0000000)
  eden space 214528K, 62% used [0x00000007aab00000,0x00000007b2ce8568,0x00000007b7c80000)
  from space 6144K, 14% used [0x00000007bd000000,0x00000007bd0d8000,0x00000007bd600000)
  to   space 5632K, 0% used [0x00000007bd600000,0x00000007bd600000,0x00000007bdb80000)
 ParOldGen       total 44032K, used 15696K [0x0000000780000000, 0x0000000782b00000, 0x00000007aab00000)
  object space 44032K, 35% used [0x0000000780000000,0x0000000780f541b0,0x0000000782b00000)
 Metaspace       used 16725K, capacity 16876K, committed 17152K, reserved 1064960K
  class space    used 1625K, capacity 1693K, committed 1792K, reserved 1048576K
GC Heap History (10 events):
Event: 46.559 GC heap before
{Heap before GC invocations=17 (full 0):
 PSYoungGen      total 271872K, used 271808K [0x00000007aab00000, 0x00000007be780000, 0x00000007c0000000)
  eden space 270848K, 100% used [0x00000007aab00000,0x00000007bb380000,0x00000007bb380000)
  from space 1024K, 93% used [0x00000007be680000,0x00000007be770000,0x00000007be780000)
  to   space 6656K, 0% used [0x00000007bda80000,0x00000007bda80000,0x00000007be100000)
 ParOldGen       total 44032K, used 15624K [0x0000000780000000, 0x0000000782b00000, 0x00000007aab00000)
  object space 44032K, 35% used [0x0000000780000000,0x0000000780f421b0,0x0000000782b00000)
 Metaspace       used 16643K, capacity 16780K, committed 17024K, reserved 1064960K
  class space    used 1620K, capacity 1661K, committed 1664K, reserved 1048576K
Event: 46.561 GC heap after
Heap after GC invocations=17 (full 0):
 PSYoungGen      total 260096K, used 1344K [0x00000007aab00000, 0x00000007be700000, 0x00000007c0000000)
  eden space 258560K, 0% used [0x00000007aab00000,0x00000007aab00000,0x00000007ba780000)
  from space 1536K, 87% used [0x00000007bda80000,0x00000007bdbd0000,0x00000007bdc00000)
  to   space 6656K, 0% used [0x00000007be080000,0x00000007be080000,0x00000007be700000)
 ParOldGen       total 44032K, used 15640K [0x0000000780000000, 0x0000000782b00000, 0x00000007aab00000)
  object space 44032K, 35% used [0x0000000780000000,0x0000000780f461b0,0x0000000782b00000)
 Metaspace       used 16643K, capacity 16780K, committed 17024K, reserved 1064960K
  class space    used 1620K, capacity 1661K, committed 1664K, reserved 1048576K
}
Event: 47.036 GC heap before
{Heap before GC invocations=18 (full 0):
 PSYoungGen      total 260096K, used 259904K [0x00000007aab00000, 0x00000007be700000, 0x00000007c0000000)
  eden space 258560K, 100% used [0x00000007aab00000,0x00000007ba780000,0x00000007ba780000)
  from space 1536K, 87% used [0x00000007bda80000,0x00000007bdbd0000,0x00000007bdc00000)
  to   space 6656K, 0% used [0x00000007be080000,0x00000007be080000,0x00000007be700000)
 ParOldGen       total 44032K, used 15640K [0x0000000780000000, 0x0000000782b00000, 0x00000007aab00000)
  object space 44032K, 35% used [0x0000000780000000,0x0000000780f461b0,0x0000000782b00000)
 Metaspace       used 16644K, capacity 16780K, committed 17024K, reserved 1064960K
  class space    used 1620K, capacity 1661K, committed 1664K, reserved 1048576K
Event: 47.037 GC heap after
Heap after GC invocations=18 (full 0):
 PSYoungGen      total 247808K, used 800K [0x00000007aab00000, 0x00000007be180000, 0x00000007c0000000)
  eden space 246784K, 0% used [0x00000007aab00000,0x00000007aab00000,0x00000007b9c00000)
  from space 1024K, 78% used [0x00000007be080000,0x00000007be148000,0x00000007be180000)
  to   space 6144K, 0% used [0x00000007bd580000,0x00000007bd580000,0x00000007bdb80000)
 ParOldGen       total 44032K, used 15656K [0x0000000780000000, 0x0000000782b00000, 0x00000007aab00000)
  object space 44032K, 35% used [0x0000000780000000,0x0000000780f4a1b0,0x0000000782b00000)
 Metaspace       used 16644K, capacity 16780K, committed 17024K, reserved 1064960K
  class space    used 1620K, capacity 1661K, committed 1664K, reserved 1048576K
}
Event: 47.491 GC heap before
{Heap before GC invocations=19 (full 0):
 PSYoungGen      total 247808K, used 247584K [0x00000007aab00000, 0x00000007be180000, 0x00000007c0000000)
  eden space 246784K, 100% used [0x00000007aab00000,0x00000007b9c00000,0x00000007b9c00000)
  from space 1024K, 78% used [0x00000007be080000,0x00000007be148000,0x00000007be180000)
  to   space 6144K, 0% used [0x00000007bd580000,0x00000007bd580000,0x00000007bdb80000)
 ParOldGen       total 44032K, used 15656K [0x0000000780000000, 0x0000000782b00000, 0x00000007aab00000)
  object space 44032K, 35% used [0x0000000780000000,0x0000000780f4a1b0,0x0000000782b00000)
 Metaspace       used 16646K, capacity 16780K, committed 17024K, reserved 1064960K
  class space    used 1620K, capacity 1661K, committed 1664K, reserved 1048576K
Event: 47.492 GC heap after
Heap after GC invocations=19 (full 0):
 PSYoungGen      total 236032K, used 448K [0x00000007aab00000, 0x00000007be100000, 0x00000007c0000000)
  eden space 235520K, 0% used [0x00000007aab00000,0x00000007aab00000,0x00000007b9100000)
  from space 512K, 87% used [0x00000007bd580000,0x00000007bd5f0000,0x00000007bd600000)
  to   space 6144K, 0% used [0x00000007bdb00000,0x00000007bdb00000,0x00000007be100000)
 ParOldGen       total 44032K, used 15664K [0x0000000780000000, 0x0000000782b00000, 0x00000007aab00000)
  object space 44032K, 35% used [0x0000000780000000,0x0000000780f4c1b0,0x0000000782b00000)
 Metaspace       used 16646K, capacity 16780K, committed 17024K, reserved 1064960K
  class space    used 1620K, capacity 1661K, committed 1664K, reserved 1048576K
}
Event: 47.924 GC heap before
{Heap before GC invocations=20 (full 0):
 PSYoungGen      total 236032K, used 235968K [0x00000007aab00000, 0x00000007be100000, 0x00000007c0000000)
  eden space 235520K, 100% used [0x00000007aab00000,0x00000007b9100000,0x00000007b9100000)
  from space 512K, 87% used [0x00000007bd580000,0x00000007bd5f0000,0x00000007bd600000)
  to   space 6144K, 0% used [0x00000007bdb00000,0x00000007bdb00000,0x00000007be100000)
 ParOldGen       total 44032K, used 15664K [0x0000000780000000, 0x0000000782b00000, 0x00000007aab00000)
  object space 44032K, 35% used [0x0000000780000000,0x0000000780f4c1b0,0x0000000782b00000)
 Metaspace       used 16646K, capacity 16780K, committed 17024K, reserved 1064960K
  class space    used 1620K, capacity 1661K, committed 1664K, reserved 1048576K
Event: 47.926 GC heap after
Heap after GC invocations=20 (full 0):
 PSYoungGen      total 225792K, used 736K [0x00000007aab00000, 0x00000007bdc00000, 0x00000007c0000000)
  eden space 224768K, 0% used [0x00000007aab00000,0x00000007aab00000,0x00000007b8680000)
  from space 1024K, 71% used [0x00000007bdb00000,0x00000007bdbb8000,0x00000007bdc00000)
  to   space 6144K, 0% used [0x00000007bd000000,0x00000007bd000000,0x00000007bd600000)
 ParOldGen       total 44032K, used 15680K [0x0000000780000000, 0x0000000782b00000, 0x00000007aab00000)
  object space 44032K, 35% used [0x0000000780000000,0x0000000780f501b0,0x0000000782b00000)
 Metaspace       used 16646K, capacity 16780K, committed 17024K, reserved 1064960K
  class space    used 1620K, capacity 1661K, committed 1664K, reserved 1048576K
}
Event: 48.348 GC heap before
{Heap before GC invocations=21 (full 0):
 PSYoungGen      total 225792K, used 225504K [0x00000007aab00000, 0x00000007bdc00000, 0x00000007c0000000)
  eden space 224768K, 100% used [0x00000007aab00000,0x00000007b8680000,0x00000007b8680000)
  from space 1024K, 71% used [0x00000007bdb00000,0x00000007bdbb8000,0x00000007bdc00000)
  to   space 6144K, 0% used [0x00000007bd000000,0x00000007bd000000,0x00000007bd600000)
 ParOldGen       total 44032K, used 15680K [0x0000000780000000, 0x0000000782b00000, 0x00000007aab00000)
  object space 44032K, 35% used [0x0000000780000000,0x0000000780f501b0,0x0000000782b00000)
 Metaspace       used 16646K, capacity 16780K, committed 17024K, reserved 1064960K
  class space    used 1620K, capacity 1661K, committed 1664K, reserved 1048576K
Event: 48.349 GC heap after
Heap after GC invocations=21 (full 0):
 PSYoungGen      total 220672K, used 864K [0x00000007aab00000, 0x00000007bdb80000, 0x00000007c0000000)
  eden space 214528K, 0% used [0x00000007aab00000,0x00000007aab00000,0x00000007b7c80000)
  from space 6144K, 14% used [0x00000007bd000000,0x00000007bd0d8000,0x00000007bd600000)
  to   space 5632K, 0% used [0x00000007bd600000,0x00000007bd600000,0x00000007bdb80000)
 ParOldGen       total 44032K, used 15696K [0x0000000780000000, 0x0000000782b00000, 0x00000007aab00000)
  object space 44032K, 35% used [0x0000000780000000,0x0000000780f541b0,0x0000000782b00000)
 Metaspace       used 16646K, capacity 16780K, committed 17024K, reserved 1064960K
  class space    used 1620K, capacity 1661K, committed 1664K, reserved 1048576K
}

