# JRE version: Java(TM) SE Runtime Environment (8.0_77-b03) (build 1.8.0_77-b03)
# Java VM: Java HotSpot(TM) 64-Bit Server VM (25.77-b03 mixed mode bsd-amd64 compressed oops)
Heap:
 PSYoungGen      total 40448K, used 17597K [0x00000007aab00000, 0x00000007ada00000, 0x00000007c0000000)
  eden space 32768K, 44% used [0x00000007aab00000,0x00000007ab947180,0x00000007acb00000)
  from space 7680K, 38% used [0x00000007ad280000,0x00000007ad5683e8,0x00000007ada00000)
  to   space 7680K, 0% used [0x00000007acb00000,0x00000007acb00000,0x00000007ad280000)
 ParOldGen       total 44032K, used 12130K [0x0000000780000000, 0x0000000782b00000, 0x00000007aab00000)
  object space 44032K, 27% used [0x0000000780000000,0x0000000780bd8850,0x0000000782b00000)
 Metaspace       used 15906K, capacity 16078K, committed 16256K, reserved 1064960K
  class space    used 1581K, capacity 1663K, committed 1664K, reserved 1048576K
GC Heap History (10 events):
Event: 37.484 GC heap before
{Heap before GC invocations=2 (full 0):
 PSYoungGen      total 18944K, used 18912K [0x00000007aab00000, 0x00000007ac000000, 0x00000007c0000000)
  eden space 16384K, 100% used [0x00000007aab00000,0x00000007abb00000,0x00000007abb00000)
  from space 2560K, 98% used [0x00000007abb00000,0x00000007abd78090,0x00000007abd80000)
  to   space 2560K, 0% used [0x00000007abd80000,0x00000007abd80000,0x00000007ac000000)
 ParOldGen       total 44032K, used 628K [0x0000000780000000, 0x0000000782b00000, 0x00000007aab00000)
  object space 44032K, 1% used [0x0000000780000000,0x000000078009d1c8,0x0000000782b00000)
 Metaspace       used 10276K, capacity 10440K, committed 10752K, reserved 1058816K
  class space    used 1160K, capacity 1214K, committed 1280K, reserved 1048576K
Event: 37.491 GC heap after
Heap after GC invocations=2 (full 0):
 PSYoungGen      total 18944K, used 2531K [0x00000007aab00000, 0x00000007ac000000, 0x00000007c0000000)
  eden space 16384K, 0% used [0x00000007aab00000,0x00000007aab00000,0x00000007abb00000)
  from space 2560K, 98% used [0x00000007abd80000,0x00000007abff8fa8,0x00000007ac000000)
  to   space 2560K, 0% used [0x00000007abb00000,0x00000007abb00000,0x00000007abd80000)
 ParOldGen       total 44032K, used 4772K [0x0000000780000000, 0x0000000782b00000, 0x00000007aab00000)
  object space 44032K, 10% used [0x0000000780000000,0x00000007804a9188,0x0000000782b00000)
 Metaspace       used 10276K, capacity 10440K, committed 10752K, reserved 1058816K
  class space    used 1160K, capacity 1214K, committed 1280K, reserved 1048576K
}
Event: 38.229 GC heap before
{Heap before GC invocations=3 (full 0):
 PSYoungGen      total 18944K, used 18915K [0x00000007aab00000, 0x00000007ac000000, 0x00000007c0000000)
  eden space 16384K, 100% used [0x00000007aab00000,0x00000007abb00000,0x00000007abb00000)
  from space 2560K, 98% used [0x00000007abd80000,0x00000007abff8fa8,0x00000007ac000000)
  to   space 2560K, 0% used [0x00000007abb00000,0x00000007abb00000,0x00000007abd80000)
 ParOldGen       total 44032K, used 4772K [0x0000000780000000, 0x0000000782b00000, 0x00000007aab00000)
  object space 44032K, 10% used [0x0000000780000000,0x00000007804a9188,0x0000000782b00000)
 Metaspace       used 12410K, capacity 12622K, committed 12672K, reserved 1060864K
  class space    used 1334K, capacity 1407K, committed 1408K, reserved 1048576K
Event: 38.238 GC heap after
Heap after GC invocations=3 (full 0):
 PSYoungGen      total 18944K, used 2560K [0x00000007aab00000, 0x00000007ac000000, 0x00000007c0000000)
  eden space 16384K, 0% used [0x00000007aab00000,0x00000007aab00000,0x00000007abb00000)
  from space 2560K, 100% used [0x00000007abb00000,0x00000007abd80000,0x00000007abd80000)
  to   space 2560K, 0% used [0x00000007abd80000,0x00000007abd80000,0x00000007ac000000)
 ParOldGen       total 44032K, used 7973K [0x0000000780000000, 0x0000000782b00000, 0x00000007aab00000)
  object space 44032K, 18% used [0x0000000780000000,0x00000007807c97c8,0x0000000782b00000)
 Metaspace       used 12410K, capacity 12622K, committed 12672K, reserved 1060864K
  class space    used 1334K, capacity 1407K, committed 1408K, reserved 1048576K
}
Event: 38.752 GC heap before
{Heap before GC invocations=4 (full 0):
 PSYoungGen      total 18944K, used 18944K [0x00000007aab00000, 0x00000007ac000000, 0x00000007c0000000)
  eden space 16384K, 100% used [0x00000007aab00000,0x00000007abb00000,0x00000007abb00000)
  from space 2560K, 100% used [0x00000007abb00000,0x00000007abd80000,0x00000007abd80000)
  to   space 2560K, 0% used [0x00000007abd80000,0x00000007abd80000,0x00000007ac000000)
 ParOldGen       total 44032K, used 7973K [0x0000000780000000, 0x0000000782b00000, 0x00000007aab00000)
  object space 44032K, 18% used [0x0000000780000000,0x00000007807c97c8,0x0000000782b00000)
 Metaspace       used 14351K, capacity 14574K, committed 14720K, reserved 1062912K
  class space    used 1483K, capacity 1567K, committed 1664K, reserved 1048576K
Event: 38.763 GC heap after
Heap after GC invocations=4 (full 0):
 PSYoungGen      total 18944K, used 2544K [0x00000007aab00000, 0x00000007ac000000, 0x00000007c0000000)
  eden space 16384K, 0% used [0x00000007aab00000,0x00000007aab00000,0x00000007abb00000)
  from space 2560K, 99% used [0x00000007abd80000,0x00000007abffc278,0x00000007ac000000)
  to   space 2560K, 0% used [0x00000007abb00000,0x00000007abb00000,0x00000007abd80000)
 ParOldGen       total 44032K, used 11193K [0x0000000780000000, 0x0000000782b00000, 0x00000007aab00000)
  object space 44032K, 25% used [0x0000000780000000,0x0000000780aee7e8,0x0000000782b00000)
 Metaspace       used 14351K, capacity 14574K, committed 14720K, reserved 1062912K
  class space    used 1483K, capacity 1567K, committed 1664K, reserved 1048576K
}
Event: 39.207 GC heap before
{Heap before GC invocations=5 (full 0):
 PSYoungGen      total 18944K, used 18928K [0x00000007aab00000, 0x00000007ac000000, 0x00000007c0000000)
  eden space 16384K, 100% used [0x00000007aab00000,0x00000007abb00000,0x00000007abb00000)
  from space 2560K, 99% used [0x00000007abd80000,0x00000007abffc278,0x00000007ac000000)
  to   space 2560K, 0% used [0x00000007abb00000,0x00000007abb00000,0x00000007abd80000)
 ParOldGen       total 44032K, used 11193K [0x0000000780000000, 0x0000000782b00000, 0x00000007aab00000)
  object space 44032K, 25% used [0x0000000780000000,0x0000000780aee7e8,0x0000000782b00000)
 Metaspace       used 15605K, capacity 15822K, committed 16000K, reserved 1062912K
  class space    used 1573K, capacity 1663K, committed 1664K, reserved 1048576K
Event: 39.217 GC heap after
Heap after GC invocations=5 (full 0):
 PSYoungGen      total 18944K, used 2560K [0x00000007aab00000, 0x00000007ada00000, 0x00000007c0000000)
  eden space 16384K, 0% used [0x00000007aab00000,0x00000007aab00000,0x00000007abb00000)
  from space 2560K, 100% used [0x00000007abb00000,0x00000007abd80000,0x00000007abd80000)
  to   space 7680K, 0% used [0x00000007ad280000,0x00000007ad280000,0x00000007ada00000)
 ParOldGen       total 44032K, used 12130K [0x0000000780000000, 0x0000000782b00000, 0x00000007aab00000)
  object space 44032K, 27% used [0x0000000780000000,0x0000000780bd8850,0x0000000782b00000)
 Metaspace       used 15605K, capacity 15822K, committed 16000K, reserved 1062912K
  class space    used 1573K, capacity 1663K, committed 1664K, reserved 1048576K
}
Event: 39.448 GC heap before
{Heap before GC invocations=6 (full 0):
 PSYoungGen      total 18944K, used 18944K [0x00000007aab00000, 0x00000007ada00000, 0x00000007c0000000)
  eden space 16384K, 100% used [0x00000007aab00000,0x00000007abb00000,0x00000007abb00000)
  from space 2560K, 100% used [0x00000007abb00000,0x00000007abd80000,0x00000007abd80000)
  to   space 7680K, 0% used [0x00000007ad280000,0x00000007ad280000,0x00000007ada00000)
 ParOldGen       total 44032K, used 12130K [0x0000000780000000, 0x0000000782b00000, 0x00000007aab00000)
  object space 44032K, 27% used [0x0000000780000000,0x0000000780bd8850,0x0000000782b00000)
 Metaspace       used 15810K, capacity 16014K, committed 16256K, reserved 1064960K
  class space    used 1576K, capacity 1663K, committed 1664K, reserved 1048576K
Event: 39.457 GC heap after
Heap after GC invocations=6 (full 0):
 PSYoungGen      total 40448K, used 2976K [0x00000007aab00000, 0x00000007ada00000, 0x00000007c0000000)
  eden space 32768K, 0% used [0x00000007aab00000,0x00000007aab00000,0x00000007acb00000)
  from space 7680K, 38% used [0x00000007ad280000,0x00000007ad5683e8,0x00000007ada00000)
  to   space 7680K, 0% used [0x00000007acb00000,0x00000007acb00000,0x00000007ad280000)
 ParOldGen       total 44032K, used 12130K [0x0000000780000000, 0x0000000782b00000, 0x00000007aab00000)
  object space 44032K, 27% used [0x0000000780000000,0x0000000780bd8850,0x0000000782b00000)
 Metaspace       used 15810K, capacity 16014K, committed 16256K, reserved 1064960K
  class space    used 1576K, capacity 1663K, committed 1664K, reserved 1048576K
}

