# JRE version: Java(TM) SE Runtime Environment (8.0_77-b03) (build 1.8.0_77-b03)
# Java VM: Java HotSpot(TM) 64-Bit Server VM (25.77-b03 mixed mode bsd-amd64 compressed oops)
Heap:
 PSYoungGen      total 23040K, used 17831K [0x00000007aab00000, 0x00000007ada00000, 0x00000007c0000000)
  eden space 15872K, 94% used [0x00000007aab00000,0x00000007ab9ad200,0x00000007aba80000)
  from space 7168K, 39% used [0x00000007ac200000,0x00000007ac4bcd70,0x00000007ac900000)
  to   space 7680K, 0% used [0x00000007aba80000,0x00000007aba80000,0x00000007ac200000)
 ParOldGen       total 44032K, used 10951K [0x0000000780000000, 0x0000000782b00000, 0x00000007aab00000)
  object space 44032K, 24% used [0x0000000780000000,0x0000000780ab1ee8,0x0000000782b00000)
 Metaspace       used 15948K, capacity 16190K, committed 16256K, reserved 1064960K
  class space    used 1582K, capacity 1663K, committed 1664K, reserved 1048576K
GC Heap History (10 events):
Event: 33.331 GC heap before
{Heap before GC invocations=2 (full 0):
 PSYoungGen      total 18944K, used 18928K [0x00000007aab00000, 0x00000007ac000000, 0x00000007c0000000)
  eden space 16384K, 100% used [0x00000007aab00000,0x00000007abb00000,0x00000007abb00000)
  from space 2560K, 99% used [0x00000007abb00000,0x00000007abd7c0a0,0x00000007abd80000)
  to   space 2560K, 0% used [0x00000007abd80000,0x00000007abd80000,0x00000007ac000000)
 ParOldGen       total 44032K, used 590K [0x0000000780000000, 0x0000000782b00000, 0x00000007aab00000)
  object space 44032K, 1% used [0x0000000780000000,0x0000000780093af0,0x0000000782b00000)
 Metaspace       used 10323K, capacity 10488K, committed 10752K, reserved 1058816K
  class space    used 1161K, capacity 1214K, committed 1280K, reserved 1048576K
Event: 33.339 GC heap after
Heap after GC invocations=2 (full 0):
 PSYoungGen      total 18944K, used 2535K [0x00000007aab00000, 0x00000007ac000000, 0x00000007c0000000)
  eden space 16384K, 0% used [0x00000007aab00000,0x00000007aab00000,0x00000007abb00000)
  from space 2560K, 99% used [0x00000007abd80000,0x00000007abff9d50,0x00000007ac000000)
  to   space 2560K, 0% used [0x00000007abb00000,0x00000007abb00000,0x00000007abd80000)
 ParOldGen       total 44032K, used 3541K [0x0000000780000000, 0x0000000782b00000, 0x00000007aab00000)
  object space 44032K, 8% used [0x0000000780000000,0x0000000780375680,0x0000000782b00000)
 Metaspace       used 10323K, capacity 10488K, committed 10752K, reserved 1058816K
  class space    used 1161K, capacity 1214K, committed 1280K, reserved 1048576K
}
Event: 34.051 GC heap before
{Heap before GC invocations=3 (full 0):
 PSYoungGen      total 18944K, used 18919K [0x00000007aab00000, 0x00000007ac000000, 0x00000007c0000000)
  eden space 16384K, 100% used [0x00000007aab00000,0x00000007abb00000,0x00000007abb00000)
  from space 2560K, 99% used [0x00000007abd80000,0x00000007abff9d50,0x00000007ac000000)
  to   space 2560K, 0% used [0x00000007abb00000,0x00000007abb00000,0x00000007abd80000)
 ParOldGen       total 44032K, used 3541K [0x0000000780000000, 0x0000000782b00000, 0x00000007aab00000)
  object space 44032K, 8% used [0x0000000780000000,0x0000000780375680,0x0000000782b00000)
 Metaspace       used 12418K, capacity 12606K, committed 12672K, reserved 1060864K
  class space    used 1341K, capacity 1407K, committed 1408K, reserved 1048576K
Event: 34.060 GC heap after
Heap after GC invocations=3 (full 0):
 PSYoungGen      total 18944K, used 2559K [0x00000007aab00000, 0x00000007ac000000, 0x00000007c0000000)
  eden space 16384K, 0% used [0x00000007aab00000,0x00000007aab00000,0x00000007abb00000)
  from space 2560K, 99% used [0x00000007abb00000,0x00000007abd7fe98,0x00000007abd80000)
  to   space 2560K, 0% used [0x00000007abd80000,0x00000007abd80000,0x00000007ac000000)
 ParOldGen       total 44032K, used 6686K [0x0000000780000000, 0x0000000782b00000, 0x00000007aab00000)
  object space 44032K, 15% used [0x0000000780000000,0x0000000780687818,0x0000000782b00000)
 Metaspace       used 12418K, capacity 12606K, committed 12672K, reserved 1060864K
  class space    used 1341K, capacity 1407K, committed 1408K, reserved 1048576K
}
Event: 34.574 GC heap before
{Heap before GC invocations=4 (full 0):
 PSYoungGen      total 18944K, used 18939K [0x00000007aab00000, 0x00000007ac000000, 0x00000007c0000000)
  eden space 16384K, 99% used [0x00000007aab00000,0x00000007abafede0,0x00000007abb00000)
  from space 2560K, 99% used [0x00000007abb00000,0x00000007abd7fe98,0x00000007abd80000)
  to   space 2560K, 0% used [0x00000007abd80000,0x00000007abd80000,0x00000007ac000000)
 ParOldGen       total 44032K, used 6686K [0x0000000780000000, 0x0000000782b00000, 0x00000007aab00000)
  object space 44032K, 15% used [0x0000000780000000,0x0000000780687818,0x0000000782b00000)
 Metaspace       used 14361K, capacity 14558K, committed 14720K, reserved 1062912K
  class space    used 1481K, capacity 1567K, committed 1664K, reserved 1048576K
Event: 34.584 GC heap after
Heap after GC invocations=4 (full 0):
 PSYoungGen      total 18944K, used 2549K [0x00000007aab00000, 0x00000007ac000000, 0x00000007c0000000)
  eden space 16384K, 0% used [0x00000007aab00000,0x00000007aab00000,0x00000007abb00000)
  from space 2560K, 99% used [0x00000007abd80000,0x00000007abffd670,0x00000007ac000000)
  to   space 2560K, 0% used [0x00000007abb00000,0x00000007abb00000,0x00000007abd80000)
 ParOldGen       total 44032K, used 9897K [0x0000000780000000, 0x0000000782b00000, 0x00000007aab00000)
  object space 44032K, 22% used [0x0000000780000000,0x00000007809aa7b0,0x0000000782b00000)
 Metaspace       used 14361K, capacity 14558K, committed 14720K, reserved 1062912K
  class space    used 1481K, capacity 1567K, committed 1664K, reserved 1048576K
}
Event: 35.040 GC heap before
{Heap before GC invocations=5 (full 0):
 PSYoungGen      total 18944K, used 18933K [0x00000007aab00000, 0x00000007ac000000, 0x00000007c0000000)
  eden space 16384K, 100% used [0x00000007aab00000,0x00000007abb00000,0x00000007abb00000)
  from space 2560K, 99% used [0x00000007abd80000,0x00000007abffd670,0x00000007ac000000)
  to   space 2560K, 0% used [0x00000007abb00000,0x00000007abb00000,0x00000007abd80000)
 ParOldGen       total 44032K, used 9897K [0x0000000780000000, 0x0000000782b00000, 0x00000007aab00000)
  object space 44032K, 22% used [0x0000000780000000,0x00000007809aa7b0,0x0000000782b00000)
 Metaspace       used 15633K, capacity 15870K, committed 16000K, reserved 1062912K
  class space    used 1573K, capacity 1663K, committed 1664K, reserved 1048576K
Event: 35.047 GC heap after
Heap after GC invocations=5 (full 0):
 PSYoungGen      total 18944K, used 2540K [0x00000007aab00000, 0x00000007ac900000, 0x00000007c0000000)
  eden space 16384K, 0% used [0x00000007aab00000,0x00000007aab00000,0x00000007abb00000)
  from space 2560K, 99% used [0x00000007abb00000,0x00000007abd7b240,0x00000007abd80000)
  to   space 7168K, 0% used [0x00000007ac200000,0x00000007ac200000,0x00000007ac900000)
 ParOldGen       total 44032K, used 10943K [0x0000000780000000, 0x0000000782b00000, 0x00000007aab00000)
  object space 44032K, 24% used [0x0000000780000000,0x0000000780aafee8,0x0000000782b00000)
 Metaspace       used 15633K, capacity 15870K, committed 16000K, reserved 1062912K
  class space    used 1573K, capacity 1663K, committed 1664K, reserved 1048576K
}
Event: 35.286 GC heap before
{Heap before GC invocations=6 (full 0):
 PSYoungGen      total 18944K, used 18924K [0x00000007aab00000, 0x00000007ac900000, 0x00000007c0000000)
  eden space 16384K, 100% used [0x00000007aab00000,0x00000007abb00000,0x00000007abb00000)
  from space 2560K, 99% used [0x00000007abb00000,0x00000007abd7b240,0x00000007abd80000)
  to   space 7168K, 0% used [0x00000007ac200000,0x00000007ac200000,0x00000007ac900000)
 ParOldGen       total 44032K, used 10943K [0x0000000780000000, 0x0000000782b00000, 0x00000007aab00000)
  object space 44032K, 24% used [0x0000000780000000,0x0000000780aafee8,0x0000000782b00000)
 Metaspace       used 15836K, capacity 15998K, committed 16256K, reserved 1064960K
  class space    used 1576K, capacity 1663K, committed 1664K, reserved 1048576K
Event: 35.294 GC heap after
Heap after GC invocations=6 (full 0):
 PSYoungGen      total 23040K, used 2803K [0x00000007aab00000, 0x00000007ada00000, 0x00000007c0000000)
  eden space 15872K, 0% used [0x00000007aab00000,0x00000007aab00000,0x00000007aba80000)
  from space 7168K, 39% used [0x00000007ac200000,0x00000007ac4bcd70,0x00000007ac900000)
  to   space 7680K, 0% used [0x00000007aba80000,0x00000007aba80000,0x00000007ac200000)
 ParOldGen       total 44032K, used 10951K [0x0000000780000000, 0x0000000782b00000, 0x00000007aab00000)
  object space 44032K, 24% used [0x0000000780000000,0x0000000780ab1ee8,0x0000000782b00000)
 Metaspace       used 15836K, capacity 15998K, committed 16256K, reserved 1064960K
  class space    used 1576K, capacity 1663K, committed 1664K, reserved 1048576K
}

